build/app/intermediates/manifest_merge_blame_file/release/manifest-merger-blame-release-report.txt
1<?xml version="1.0" encoding="utf-8"?>
2<manifest xmlns:android="http://schemas.android.com/apk/res/android"
3    package="com.nesrix"
4    android:versionCode="12"
5    android:versionName="1.1.0" >
6
7    <uses-sdk
8        android:minSdkVersion="23"
9        android:targetSdkVersion="35" />
10
11    <uses-feature
11-->src/main/AndroidManifest.xml:3:5-5:36
12        android:name="android.hardware.camera"
12-->src/main/AndroidManifest.xml:4:9-47
13        android:required="false" />
13-->src/main/AndroidManifest.xml:5:9-33
14
15    <uses-permission android:name="android.permission.READ_EXTERNAL_STORAGE" />
15-->src/main/AndroidManifest.xml:7:5-80
15-->src/main/AndroidManifest.xml:7:22-77
16    <uses-permission android:name="android.permission.WRITE_EXTERNAL_STORAGE" />
16-->src/main/AndroidManifest.xml:8:5-81
16-->src/main/AndroidManifest.xml:8:22-78
17    <uses-permission android:name="android.permission.INTERNET" />
17-->src/main/AndroidManifest.xml:9:5-67
17-->src/main/AndroidManifest.xml:9:22-64
18    <uses-permission android:name="android.permission.CAMERA" />
18-->src/main/AndroidManifest.xml:10:5-65
18-->src/main/AndroidManifest.xml:10:22-62
19    <uses-permission android:name="android.permission.READ_MEDIA_IMAGES" />
19-->src/main/AndroidManifest.xml:11:5-75
19-->src/main/AndroidManifest.xml:11:22-73
20    <uses-permission android:name="android.permission.ACCESS_NETWORK_STATE" />
20-->src/main/AndroidManifest.xml:16:5-79
20-->src/main/AndroidManifest.xml:16:22-76
21    <uses-permission android:name="android.permission.ACCESS_WIFI_STATE" />
21-->src/main/AndroidManifest.xml:17:5-76
21-->src/main/AndroidManifest.xml:17:22-73
22    <uses-permission android:name="android.permission.ACCESS_FINE_LOCATION" />
22-->src/main/AndroidManifest.xml:18:5-79
22-->src/main/AndroidManifest.xml:18:22-76
23    <!-- <uses-permission android:name="com.google.android.gms.permission.AD_ID" /> -->
24    <uses-permission android:name="android.permission.CAMERA" />
24-->src/main/AndroidManifest.xml:10:5-65
24-->src/main/AndroidManifest.xml:10:22-62
25    <uses-permission android:name="android.permission.READ_EXTERNAL_STORAGE" />
25-->src/main/AndroidManifest.xml:7:5-80
25-->src/main/AndroidManifest.xml:7:22-77
26    <uses-permission android:name="android.permission.READ_MEDIA_IMAGES" />
26-->src/main/AndroidManifest.xml:11:5-75
26-->src/main/AndroidManifest.xml:11:22-73
27    <uses-permission android:name="android.permission.RECEIVE_BOOT_COMPLETED" />
27-->src/main/AndroidManifest.xml:23:5-80
27-->src/main/AndroidManifest.xml:23:22-78
28    <uses-permission android:name="android.permission.POST_NOTIFICATIONS" />
28-->src/main/AndroidManifest.xml:24:5-76
28-->src/main/AndroidManifest.xml:24:22-74
29    <!--
30         Required to query activities that can process text, see:
31         https://developer.android.com/training/package-visibility and
32         https://developer.android.com/reference/android/content/Intent#ACTION_PROCESS_TEXT.
33
34         In particular, this is used by the Flutter engine in io.flutter.plugin.text.ProcessTextPlugin.
35    -->
36    <queries>
36-->src/main/AndroidManifest.xml:73:5-86:15
37        <intent>
37-->src/main/AndroidManifest.xml:74:9-77:18
38            <action android:name="android.intent.action.PROCESS_TEXT" />
38-->src/main/AndroidManifest.xml:75:13-72
38-->src/main/AndroidManifest.xml:75:21-70
39
40            <data android:mimeType="text/plain" />
40-->src/main/AndroidManifest.xml:76:13-50
40-->src/main/AndroidManifest.xml:76:19-48
41        </intent>
42        <intent>
42-->src/main/AndroidManifest.xml:80:9-84:18
43            <action android:name="android.intent.action.PICK" />
43-->src/main/AndroidManifest.xml:81:13-64
43-->src/main/AndroidManifest.xml:81:21-62
44
45            <category android:name="android.intent.category.DEFAULT" />
45-->src/main/AndroidManifest.xml:82:13-71
45-->src/main/AndroidManifest.xml:82:23-69
46
47            <data android:mimeType="image/*" />
47-->src/main/AndroidManifest.xml:76:13-50
47-->src/main/AndroidManifest.xml:76:19-48
48        </intent>
49        <intent>
49-->[:flutter_inappwebview_android] AndroidManifest.xml:8:9-10:18
50            <action android:name="android.support.customtabs.action.CustomTabsService" />
50-->[:flutter_inappwebview_android] AndroidManifest.xml:9:13-90
50-->[:flutter_inappwebview_android] AndroidManifest.xml:9:21-87
51        </intent>
52    </queries>
53
54    <uses-permission android:name="android.permission.WAKE_LOCK" />
54-->[:firebase_messaging] AndroidManifest.xml:8:5-68
54-->[:firebase_messaging] AndroidManifest.xml:8:22-65
55    <uses-permission android:name="android.permission.VIBRATE" /> <!-- Required by older versions of Google Play services to create IID tokens -->
55-->[:flutter_local_notifications] AndroidManifest.xml:7:5-66
55-->[:flutter_local_notifications] AndroidManifest.xml:7:22-63
56    <uses-permission android:name="com.google.android.c2dm.permission.RECEIVE" />
56-->[com.google.firebase:firebase-messaging:25.0.0] AndroidManifest.xml:26:5-82
56-->[com.google.firebase:firebase-messaging:25.0.0] AndroidManifest.xml:26:22-79
57    <uses-permission android:name="com.google.android.gms.permission.AD_ID" />
57-->[com.google.android.gms:play-services-measurement-api:23.0.0] AndroidManifest.xml:25:5-79
57-->[com.google.android.gms:play-services-measurement-api:23.0.0] AndroidManifest.xml:25:22-76
58    <uses-permission android:name="android.permission.ACCESS_ADSERVICES_ATTRIBUTION" />
58-->[com.google.android.gms:play-services-measurement-api:23.0.0] AndroidManifest.xml:26:5-88
58-->[com.google.android.gms:play-services-measurement-api:23.0.0] AndroidManifest.xml:26:22-85
59    <uses-permission android:name="android.permission.ACCESS_ADSERVICES_AD_ID" />
59-->[com.google.android.gms:play-services-measurement-api:23.0.0] AndroidManifest.xml:27:5-82
59-->[com.google.android.gms:play-services-measurement-api:23.0.0] AndroidManifest.xml:27:22-79
60    <uses-permission android:name="com.google.android.finsky.permission.BIND_GET_INSTALL_REFERRER_SERVICE" />
60-->[com.google.android.gms:play-services-measurement:23.0.0] AndroidManifest.xml:26:5-110
60-->[com.google.android.gms:play-services-measurement:23.0.0] AndroidManifest.xml:26:22-107
61
62    <permission
62-->[androidx.core:core:1.13.1] AndroidManifest.xml:22:5-24:47
63        android:name="com.nesrix.DYNAMIC_RECEIVER_NOT_EXPORTED_PERMISSION"
63-->[androidx.core:core:1.13.1] AndroidManifest.xml:23:9-81
64        android:protectionLevel="signature" />
64-->[androidx.core:core:1.13.1] AndroidManifest.xml:24:9-44
65
66    <uses-permission android:name="com.nesrix.DYNAMIC_RECEIVER_NOT_EXPORTED_PERMISSION" />
66-->[androidx.core:core:1.13.1] AndroidManifest.xml:26:5-97
66-->[androidx.core:core:1.13.1] AndroidManifest.xml:26:22-94
67
68    <application
69        android:name="android.app.Application"
69-->src/main/AndroidManifest.xml:31:9-42
70        android:appComponentFactory="androidx.core.app.CoreComponentFactory"
70-->[androidx.core:core:1.13.1] AndroidManifest.xml:28:18-86
71        android:extractNativeLibs="false"
72        android:icon="@mipmap/ic_launcher"
72-->src/main/AndroidManifest.xml:33:9-43
73        android:label="Nesrix"
73-->src/main/AndroidManifest.xml:30:9-31
74        android:requestLegacyExternalStorage="true"
74-->src/main/AndroidManifest.xml:29:9-52
75        android:usesCleartextTraffic="true" >
75-->src/main/AndroidManifest.xml:32:9-44
76        <activity
76-->src/main/AndroidManifest.xml:34:9-61:20
77            android:name="com.nesrix.MainActivity"
77-->src/main/AndroidManifest.xml:35:13-41
78            android:configChanges="orientation|keyboardHidden|keyboard|screenSize|smallestScreenSize|locale|layoutDirection|fontScale|screenLayout|density|uiMode"
78-->src/main/AndroidManifest.xml:40:13-163
79            android:exported="true"
79-->src/main/AndroidManifest.xml:36:13-36
80            android:hardwareAccelerated="true"
80-->src/main/AndroidManifest.xml:41:13-47
81            android:launchMode="singleTop"
81-->src/main/AndroidManifest.xml:37:13-43
82            android:taskAffinity=""
82-->src/main/AndroidManifest.xml:38:13-36
83            android:theme="@style/LaunchTheme"
83-->src/main/AndroidManifest.xml:39:13-47
84            android:windowSoftInputMode="adjustResize" >
84-->src/main/AndroidManifest.xml:42:13-55
85
86            <!--
87                 Specifies an Android theme to apply to this Activity as soon as
88                 the Android process has started. This theme is visible to the user
89                 while the Flutter UI initializes. After that, this theme continues
90                 to determine the Window background behind the Flutter UI.
91            -->
92            <meta-data
92-->src/main/AndroidManifest.xml:47:13-50:17
93                android:name="io.flutter.embedding.android.NormalTheme"
93-->src/main/AndroidManifest.xml:48:15-70
94                android:resource="@style/NormalTheme" />
94-->src/main/AndroidManifest.xml:49:15-52
95            <meta-data
95-->src/main/AndroidManifest.xml:53:13-55:64
96                android:name="com.google.firebase.messaging.default_notification_icon"
96-->src/main/AndroidManifest.xml:54:17-87
97                android:resource="@drawable/ic_notification" />
97-->src/main/AndroidManifest.xml:55:17-61
98
99            <intent-filter>
99-->src/main/AndroidManifest.xml:57:13-60:29
100                <action android:name="android.intent.action.MAIN" />
100-->src/main/AndroidManifest.xml:58:17-68
100-->src/main/AndroidManifest.xml:58:25-66
101
102                <category android:name="android.intent.category.LAUNCHER" />
102-->src/main/AndroidManifest.xml:59:17-76
102-->src/main/AndroidManifest.xml:59:27-74
103            </intent-filter>
104        </activity>
105        <!--
106             Don't delete the meta-data below.
107             This is used by the Flutter tool to generate GeneratedPluginRegistrant.java
108        -->
109        <meta-data
109-->src/main/AndroidManifest.xml:64:9-66:33
110            android:name="flutterEmbedding"
110-->src/main/AndroidManifest.xml:65:13-44
111            android:value="2" />
111-->src/main/AndroidManifest.xml:66:13-30
112
113        <service
113-->[:firebase_messaging] AndroidManifest.xml:14:9-17:72
114            android:name="io.flutter.plugins.firebase.messaging.FlutterFirebaseMessagingBackgroundService"
114-->[:firebase_messaging] AndroidManifest.xml:15:13-107
115            android:exported="false"
115-->[:firebase_messaging] AndroidManifest.xml:16:13-37
116            android:permission="android.permission.BIND_JOB_SERVICE" />
116-->[:firebase_messaging] AndroidManifest.xml:17:13-69
117        <service
117-->[:firebase_messaging] AndroidManifest.xml:18:9-24:19
118            android:name="io.flutter.plugins.firebase.messaging.FlutterFirebaseMessagingService"
118-->[:firebase_messaging] AndroidManifest.xml:19:13-97
119            android:exported="false" >
119-->[:firebase_messaging] AndroidManifest.xml:20:13-37
120            <intent-filter>
120-->[:firebase_messaging] AndroidManifest.xml:21:13-23:29
121                <action android:name="com.google.firebase.MESSAGING_EVENT" />
121-->[:firebase_messaging] AndroidManifest.xml:22:17-78
121-->[:firebase_messaging] AndroidManifest.xml:22:25-75
122            </intent-filter>
123        </service>
124
125        <receiver
125-->[:firebase_messaging] AndroidManifest.xml:26:9-33:20
126            android:name="io.flutter.plugins.firebase.messaging.FlutterFirebaseMessagingReceiver"
126-->[:firebase_messaging] AndroidManifest.xml:27:13-98
127            android:exported="true"
127-->[:firebase_messaging] AndroidManifest.xml:28:13-36
128            android:permission="com.google.android.c2dm.permission.SEND" >
128-->[:firebase_messaging] AndroidManifest.xml:29:13-73
129            <intent-filter>
129-->[:firebase_messaging] AndroidManifest.xml:30:13-32:29
130                <action android:name="com.google.android.c2dm.intent.RECEIVE" />
130-->[:firebase_messaging] AndroidManifest.xml:31:17-81
130-->[:firebase_messaging] AndroidManifest.xml:31:25-78
131            </intent-filter>
132        </receiver>
133
134        <service
134-->[:firebase_messaging] AndroidManifest.xml:35:9-39:19
135            android:name="com.google.firebase.components.ComponentDiscoveryService"
135-->[:firebase_messaging] AndroidManifest.xml:35:18-89
136            android:directBootAware="true"
136-->[com.google.firebase:firebase-common:22.0.0] AndroidManifest.xml:32:13-43
137            android:exported="false" >
137-->[com.google.firebase:firebase-messaging:25.0.0] AndroidManifest.xml:56:13-37
138            <meta-data
138-->[:firebase_messaging] AndroidManifest.xml:36:13-38:85
139                android:name="com.google.firebase.components:io.flutter.plugins.firebase.messaging.FlutterFirebaseAppRegistrar"
139-->[:firebase_messaging] AndroidManifest.xml:37:17-128
140                android:value="com.google.firebase.components.ComponentRegistrar" />
140-->[:firebase_messaging] AndroidManifest.xml:38:17-82
141            <meta-data
141-->[:firebase_core] AndroidManifest.xml:9:13-11:85
142                android:name="com.google.firebase.components:io.flutter.plugins.firebase.core.FlutterFirebaseCoreRegistrar"
142-->[:firebase_core] AndroidManifest.xml:10:17-124
143                android:value="com.google.firebase.components.ComponentRegistrar" />
143-->[:firebase_core] AndroidManifest.xml:11:17-82
144            <meta-data
144-->[com.google.firebase:firebase-messaging:25.0.0] AndroidManifest.xml:57:13-59:85
145                android:name="com.google.firebase.components:com.google.firebase.messaging.FirebaseMessagingKtxRegistrar"
145-->[com.google.firebase:firebase-messaging:25.0.0] AndroidManifest.xml:58:17-122
146                android:value="com.google.firebase.components.ComponentRegistrar" />
146-->[com.google.firebase:firebase-messaging:25.0.0] AndroidManifest.xml:59:17-82
147            <meta-data
147-->[com.google.firebase:firebase-messaging:25.0.0] AndroidManifest.xml:60:13-62:85
148                android:name="com.google.firebase.components:com.google.firebase.messaging.FirebaseMessagingRegistrar"
148-->[com.google.firebase:firebase-messaging:25.0.0] AndroidManifest.xml:61:17-119
149                android:value="com.google.firebase.components.ComponentRegistrar" />
149-->[com.google.firebase:firebase-messaging:25.0.0] AndroidManifest.xml:62:17-82
150            <meta-data
150-->[com.google.android.gms:play-services-measurement-api:23.0.0] AndroidManifest.xml:33:13-35:85
151                android:name="com.google.firebase.components:com.google.firebase.analytics.connector.internal.AnalyticsConnectorRegistrar"
151-->[com.google.android.gms:play-services-measurement-api:23.0.0] AndroidManifest.xml:34:17-139
152                android:value="com.google.firebase.components.ComponentRegistrar" />
152-->[com.google.android.gms:play-services-measurement-api:23.0.0] AndroidManifest.xml:35:17-82
153            <meta-data
153-->[com.google.firebase:firebase-installations:19.0.0] AndroidManifest.xml:15:13-17:85
154                android:name="com.google.firebase.components:com.google.firebase.installations.FirebaseInstallationsKtxRegistrar"
154-->[com.google.firebase:firebase-installations:19.0.0] AndroidManifest.xml:16:17-130
155                android:value="com.google.firebase.components.ComponentRegistrar" />
155-->[com.google.firebase:firebase-installations:19.0.0] AndroidManifest.xml:17:17-82
156            <meta-data
156-->[com.google.firebase:firebase-installations:19.0.0] AndroidManifest.xml:18:13-20:85
157                android:name="com.google.firebase.components:com.google.firebase.installations.FirebaseInstallationsRegistrar"
157-->[com.google.firebase:firebase-installations:19.0.0] AndroidManifest.xml:19:17-127
158                android:value="com.google.firebase.components.ComponentRegistrar" />
158-->[com.google.firebase:firebase-installations:19.0.0] AndroidManifest.xml:20:17-82
159            <meta-data
159-->[com.google.firebase:firebase-common:22.0.0] AndroidManifest.xml:35:13-37:85
160                android:name="com.google.firebase.components:com.google.firebase.FirebaseCommonKtxRegistrar"
160-->[com.google.firebase:firebase-common:22.0.0] AndroidManifest.xml:36:17-109
161                android:value="com.google.firebase.components.ComponentRegistrar" />
161-->[com.google.firebase:firebase-common:22.0.0] AndroidManifest.xml:37:17-82
162            <meta-data
162-->[com.google.firebase:firebase-datatransport:18.2.0] AndroidManifest.xml:25:13-27:85
163                android:name="com.google.firebase.components:com.google.firebase.datatransport.TransportRegistrar"
163-->[com.google.firebase:firebase-datatransport:18.2.0] AndroidManifest.xml:26:17-115
164                android:value="com.google.firebase.components.ComponentRegistrar" />
164-->[com.google.firebase:firebase-datatransport:18.2.0] AndroidManifest.xml:27:17-82
165        </service>
166
167        <provider
167-->[:firebase_messaging] AndroidManifest.xml:41:9-45:38
168            android:name="io.flutter.plugins.firebase.messaging.FlutterFirebaseMessagingInitProvider"
168-->[:firebase_messaging] AndroidManifest.xml:42:13-102
169            android:authorities="com.nesrix.flutterfirebasemessaginginitprovider"
169-->[:firebase_messaging] AndroidManifest.xml:43:13-88
170            android:exported="false"
170-->[:firebase_messaging] AndroidManifest.xml:44:13-37
171            android:initOrder="99" />
171-->[:firebase_messaging] AndroidManifest.xml:45:13-35
172
173        <activity
173-->[:flutter_inappwebview_android] AndroidManifest.xml:14:9-18:47
174            android:name="com.pichillilorenzo.flutter_inappwebview_android.in_app_browser.InAppBrowserActivity"
174-->[:flutter_inappwebview_android] AndroidManifest.xml:15:13-112
175            android:configChanges="orientation|keyboardHidden|keyboard|screenSize|locale|layoutDirection|fontScale|screenLayout|density"
175-->[:flutter_inappwebview_android] AndroidManifest.xml:16:13-137
176            android:exported="false"
176-->[:flutter_inappwebview_android] AndroidManifest.xml:17:13-37
177            android:theme="@style/AppTheme" />
177-->[:flutter_inappwebview_android] AndroidManifest.xml:18:13-44
178        <activity
178-->[:flutter_inappwebview_android] AndroidManifest.xml:19:9-22:55
179            android:name="com.pichillilorenzo.flutter_inappwebview_android.chrome_custom_tabs.ChromeCustomTabsActivity"
179-->[:flutter_inappwebview_android] AndroidManifest.xml:20:13-120
180            android:exported="false"
180-->[:flutter_inappwebview_android] AndroidManifest.xml:21:13-37
181            android:theme="@style/ThemeTransparent" />
181-->[:flutter_inappwebview_android] AndroidManifest.xml:22:13-52
182        <activity
182-->[:flutter_inappwebview_android] AndroidManifest.xml:23:9-26:55
183            android:name="com.pichillilorenzo.flutter_inappwebview_android.chrome_custom_tabs.TrustedWebActivity"
183-->[:flutter_inappwebview_android] AndroidManifest.xml:24:13-114
184            android:exported="false"
184-->[:flutter_inappwebview_android] AndroidManifest.xml:25:13-37
185            android:theme="@style/ThemeTransparent" />
185-->[:flutter_inappwebview_android] AndroidManifest.xml:26:13-52
186        <activity
186-->[:flutter_inappwebview_android] AndroidManifest.xml:27:9-31:55
187            android:name="com.pichillilorenzo.flutter_inappwebview_android.chrome_custom_tabs.ChromeCustomTabsActivitySingleInstance"
187-->[:flutter_inappwebview_android] AndroidManifest.xml:28:13-134
188            android:exported="false"
188-->[:flutter_inappwebview_android] AndroidManifest.xml:29:13-37
189            android:launchMode="singleInstance"
189-->[:flutter_inappwebview_android] AndroidManifest.xml:30:13-48
190            android:theme="@style/ThemeTransparent" />
190-->[:flutter_inappwebview_android] AndroidManifest.xml:31:13-52
191        <activity
191-->[:flutter_inappwebview_android] AndroidManifest.xml:32:9-36:55
192            android:name="com.pichillilorenzo.flutter_inappwebview_android.chrome_custom_tabs.TrustedWebActivitySingleInstance"
192-->[:flutter_inappwebview_android] AndroidManifest.xml:33:13-128
193            android:exported="false"
193-->[:flutter_inappwebview_android] AndroidManifest.xml:34:13-37
194            android:launchMode="singleInstance"
194-->[:flutter_inappwebview_android] AndroidManifest.xml:35:13-48
195            android:theme="@style/ThemeTransparent" />
195-->[:flutter_inappwebview_android] AndroidManifest.xml:36:13-52
196
197        <receiver
197-->[:flutter_inappwebview_android] AndroidManifest.xml:38:9-41:40
198            android:name="com.pichillilorenzo.flutter_inappwebview_android.chrome_custom_tabs.ActionBroadcastReceiver"
198-->[:flutter_inappwebview_android] AndroidManifest.xml:39:13-119
199            android:enabled="true"
199-->[:flutter_inappwebview_android] AndroidManifest.xml:40:13-35
200            android:exported="false" />
200-->[:flutter_inappwebview_android] AndroidManifest.xml:41:13-37
201
202        <meta-data
202-->[:flutter_inappwebview_android] AndroidManifest.xml:43:9-45:36
203            android:name="io.flutter.embedded_views_preview"
203-->[:flutter_inappwebview_android] AndroidManifest.xml:44:13-61
204            android:value="true" />
204-->[:flutter_inappwebview_android] AndroidManifest.xml:45:13-33
205
206        <provider
206-->[:image_picker_android] AndroidManifest.xml:9:9-17:20
207            android:name="io.flutter.plugins.imagepicker.ImagePickerFileProvider"
207-->[:image_picker_android] AndroidManifest.xml:10:13-82
208            android:authorities="com.nesrix.flutter.image_provider"
208-->[:image_picker_android] AndroidManifest.xml:11:13-74
209            android:exported="false"
209-->[:image_picker_android] AndroidManifest.xml:12:13-37
210            android:grantUriPermissions="true" >
210-->[:image_picker_android] AndroidManifest.xml:13:13-47
211            <meta-data
211-->[:image_picker_android] AndroidManifest.xml:14:13-16:75
212                android:name="android.support.FILE_PROVIDER_PATHS"
212-->[:image_picker_android] AndroidManifest.xml:15:17-67
213                android:resource="@xml/flutter_image_picker_file_paths" />
213-->[:image_picker_android] AndroidManifest.xml:16:17-72
214        </provider> <!-- Trigger Google Play services to install the backported photo picker module. -->
215        <service
215-->[:image_picker_android] AndroidManifest.xml:19:9-31:19
216            android:name="com.google.android.gms.metadata.ModuleDependencies"
216-->[:image_picker_android] AndroidManifest.xml:20:13-78
217            android:enabled="false"
217-->[:image_picker_android] AndroidManifest.xml:21:13-36
218            android:exported="false" >
218-->[:image_picker_android] AndroidManifest.xml:22:13-37
219            <intent-filter>
219-->[:image_picker_android] AndroidManifest.xml:24:13-26:29
220                <action android:name="com.google.android.gms.metadata.MODULE_DEPENDENCIES" />
220-->[:image_picker_android] AndroidManifest.xml:25:17-94
220-->[:image_picker_android] AndroidManifest.xml:25:25-91
221            </intent-filter>
222
223            <meta-data
223-->[:image_picker_android] AndroidManifest.xml:28:13-30:36
224                android:name="photopicker_activity:0:required"
224-->[:image_picker_android] AndroidManifest.xml:29:17-63
225                android:value="" />
225-->[:image_picker_android] AndroidManifest.xml:30:17-33
226        </service>
227
228        <provider
228-->[:open_file_android] AndroidManifest.xml:9:9-19:20
229            android:name="com.crazecoder.openfile.FileProvider"
229-->[:open_file_android] AndroidManifest.xml:10:13-64
230            android:authorities="com.nesrix.fileProvider.com.crazecoder.openfile"
230-->[:open_file_android] AndroidManifest.xml:11:13-88
231            android:exported="false"
231-->[:open_file_android] AndroidManifest.xml:12:13-37
232            android:grantUriPermissions="true"
232-->[:open_file_android] AndroidManifest.xml:13:13-47
233            android:requestLegacyExternalStorage="true" >
233-->[:open_file_android] AndroidManifest.xml:14:13-56
234            <meta-data
234-->[:image_picker_android] AndroidManifest.xml:14:13-16:75
235                android:name="android.support.FILE_PROVIDER_PATHS"
235-->[:image_picker_android] AndroidManifest.xml:15:17-67
236                android:resource="@xml/filepaths" />
236-->[:image_picker_android] AndroidManifest.xml:16:17-72
237        </provider>
238        <!--
239           Declares a provider which allows us to store files to share in
240           '.../caches/share_plus' and grant the receiving action access
241        -->
242        <provider
242-->[:share_plus] AndroidManifest.xml:13:9-21:20
243            android:name="dev.fluttercommunity.plus.share.ShareFileProvider"
243-->[:share_plus] AndroidManifest.xml:14:13-77
244            android:authorities="com.nesrix.flutter.share_provider"
244-->[:share_plus] AndroidManifest.xml:15:13-74
245            android:exported="false"
245-->[:share_plus] AndroidManifest.xml:16:13-37
246            android:grantUriPermissions="true" >
246-->[:share_plus] AndroidManifest.xml:17:13-47
247            <meta-data
247-->[:image_picker_android] AndroidManifest.xml:14:13-16:75
248                android:name="android.support.FILE_PROVIDER_PATHS"
248-->[:image_picker_android] AndroidManifest.xml:15:17-67
249                android:resource="@xml/flutter_share_file_paths" />
249-->[:image_picker_android] AndroidManifest.xml:16:17-72
250        </provider>
251        <!--
252           This manifest declared broadcast receiver allows us to use an explicit
253           Intent when creating a PendingItent to be informed of the user's choice
254        -->
255        <receiver
255-->[:share_plus] AndroidManifest.xml:26:9-32:20
256            android:name="dev.fluttercommunity.plus.share.SharePlusPendingIntent"
256-->[:share_plus] AndroidManifest.xml:27:13-82
257            android:exported="false" >
257-->[:share_plus] AndroidManifest.xml:28:13-37
258            <intent-filter>
258-->[:share_plus] AndroidManifest.xml:29:13-31:29
259                <action android:name="EXTRA_CHOSEN_COMPONENT" />
259-->[:share_plus] AndroidManifest.xml:30:17-65
259-->[:share_plus] AndroidManifest.xml:30:25-62
260            </intent-filter>
261        </receiver>
262
263        <activity
263-->[:url_launcher_android] AndroidManifest.xml:8:9-11:74
264            android:name="io.flutter.plugins.urllauncher.WebViewActivity"
264-->[:url_launcher_android] AndroidManifest.xml:9:13-74
265            android:exported="false"
265-->[:url_launcher_android] AndroidManifest.xml:10:13-37
266            android:theme="@android:style/Theme.NoTitleBar.Fullscreen" />
266-->[:url_launcher_android] AndroidManifest.xml:11:13-71
267
268        <receiver
268-->[com.google.firebase:firebase-messaging:25.0.0] AndroidManifest.xml:29:9-40:20
269            android:name="com.google.firebase.iid.FirebaseInstanceIdReceiver"
269-->[com.google.firebase:firebase-messaging:25.0.0] AndroidManifest.xml:30:13-78
270            android:exported="true"
270-->[com.google.firebase:firebase-messaging:25.0.0] AndroidManifest.xml:31:13-36
271            android:permission="com.google.android.c2dm.permission.SEND" >
271-->[com.google.firebase:firebase-messaging:25.0.0] AndroidManifest.xml:32:13-73
272            <intent-filter>
272-->[:firebase_messaging] AndroidManifest.xml:30:13-32:29
273                <action android:name="com.google.android.c2dm.intent.RECEIVE" />
273-->[:firebase_messaging] AndroidManifest.xml:31:17-81
273-->[:firebase_messaging] AndroidManifest.xml:31:25-78
274            </intent-filter>
275
276            <meta-data
276-->[com.google.firebase:firebase-messaging:25.0.0] AndroidManifest.xml:37:13-39:40
277                android:name="com.google.android.gms.cloudmessaging.FINISHED_AFTER_HANDLED"
277-->[com.google.firebase:firebase-messaging:25.0.0] AndroidManifest.xml:38:17-92
278                android:value="true" />
278-->[com.google.firebase:firebase-messaging:25.0.0] AndroidManifest.xml:39:17-37
279        </receiver>
280        <!--
281             FirebaseMessagingService performs security checks at runtime,
282             but set to not exported to explicitly avoid allowing another app to call it.
283        -->
284        <service
284-->[com.google.firebase:firebase-messaging:25.0.0] AndroidManifest.xml:46:9-53:19
285            android:name="com.google.firebase.messaging.FirebaseMessagingService"
285-->[com.google.firebase:firebase-messaging:25.0.0] AndroidManifest.xml:47:13-82
286            android:directBootAware="true"
286-->[com.google.firebase:firebase-messaging:25.0.0] AndroidManifest.xml:48:13-43
287            android:exported="false" >
287-->[com.google.firebase:firebase-messaging:25.0.0] AndroidManifest.xml:49:13-37
288            <intent-filter android:priority="-500" >
288-->[:firebase_messaging] AndroidManifest.xml:21:13-23:29
289                <action android:name="com.google.firebase.MESSAGING_EVENT" />
289-->[:firebase_messaging] AndroidManifest.xml:22:17-78
289-->[:firebase_messaging] AndroidManifest.xml:22:25-75
290            </intent-filter>
291        </service>
292
293        <provider
293-->[com.google.firebase:firebase-common:22.0.0] AndroidManifest.xml:23:9-28:39
294            android:name="com.google.firebase.provider.FirebaseInitProvider"
294-->[com.google.firebase:firebase-common:22.0.0] AndroidManifest.xml:24:13-77
295            android:authorities="com.nesrix.firebaseinitprovider"
295-->[com.google.firebase:firebase-common:22.0.0] AndroidManifest.xml:25:13-72
296            android:directBootAware="true"
296-->[com.google.firebase:firebase-common:22.0.0] AndroidManifest.xml:26:13-43
297            android:exported="false"